<?xml version="1.0" encoding="UTF-8"?>
<testsuite xmlns:xsi="http://www.w3.org/2001/XMLSchema-instance" xsi:noNamespaceSchemaLocation="https://maven.apache.org/surefire/maven-surefire-plugin/xsd/surefire-test-report.xsd" name="com.hdt10.GrafoTest" time="0.043" tests="8" errors="2" skipped="0" failures="4">
  <properties>
    <property name="java.specification.version" value="17"/>
    <property name="sun.cpu.isalist" value="amd64"/>
    <property name="sun.jnu.encoding" value="Cp1252"/>
    <property name="java.class.path" value="C:\Users\chelo\Escritorio\Universidad\Tercer Semestre\Algoritmos y Estructuras de Datos\Ejercicios\Hoja de Trabajo 10\2\HT10---Grafos\demo\target\test-classes;C:\Users\chelo\Escritorio\Universidad\Tercer Semestre\Algoritmos y Estructuras de Datos\Ejercicios\Hoja de Trabajo 10\2\HT10---Grafos\demo\target\classes;C:\Users\chelo\.m2\repository\org\junit\jupiter\junit-jupiter\5.8.2\junit-jupiter-5.8.2.jar;C:\Users\chelo\.m2\repository\org\junit\jupiter\junit-jupiter-api\5.8.2\junit-jupiter-api-5.8.2.jar;C:\Users\chelo\.m2\repository\org\opentest4j\opentest4j\1.2.0\opentest4j-1.2.0.jar;C:\Users\chelo\.m2\repository\org\junit\platform\junit-platform-commons\1.8.2\junit-platform-commons-1.8.2.jar;C:\Users\chelo\.m2\repository\org\apiguardian\apiguardian-api\1.1.2\apiguardian-api-1.1.2.jar;C:\Users\chelo\.m2\repository\org\junit\jupiter\junit-jupiter-params\5.8.2\junit-jupiter-params-5.8.2.jar;C:\Users\chelo\.m2\repository\org\junit\jupiter\junit-jupiter-engine\5.8.2\junit-jupiter-engine-5.8.2.jar;C:\Users\chelo\.m2\repository\org\junit\platform\junit-platform-engine\1.8.2\junit-platform-engine-1.8.2.jar;"/>
    <property name="java.vm.vendor" value="Oracle Corporation"/>
    <property name="sun.arch.data.model" value="64"/>
    <property name="user.variant" value=""/>
    <property name="java.vendor.url" value="https://java.oracle.com/"/>
    <property name="user.timezone" value="America/Guatemala"/>
    <property name="os.name" value="Windows 11"/>
    <property name="java.vm.specification.version" value="17"/>
    <property name="user.country" value="GT"/>
    <property name="sun.java.launcher" value="SUN_STANDARD"/>
    <property name="sun.boot.library.path" value="C:\Users\chelo\Downloads\Instaladores\jdk-17.0.11\bin"/>
    <property name="sun.java.command" value="C:\Users\chelo\AppData\Local\Temp\surefire5466656923443520575\surefirebooter17765470290954337551.jar C:\Users\chelo\AppData\Local\Temp\surefire5466656923443520575 2025-05-20T23-51-12_021-jvmRun1 surefire11267432406590455308tmp surefire_05948095828291760762tmp"/>
    <property name="jdk.debug" value="release"/>
    <property name="test" value="com.hdt10.GrafoTest"/>
    <property name="surefire.test.class.path" value="C:\Users\chelo\Escritorio\Universidad\Tercer Semestre\Algoritmos y Estructuras de Datos\Ejercicios\Hoja de Trabajo 10\2\HT10---Grafos\demo\target\test-classes;C:\Users\chelo\Escritorio\Universidad\Tercer Semestre\Algoritmos y Estructuras de Datos\Ejercicios\Hoja de Trabajo 10\2\HT10---Grafos\demo\target\classes;C:\Users\chelo\.m2\repository\org\junit\jupiter\junit-jupiter\5.8.2\junit-jupiter-5.8.2.jar;C:\Users\chelo\.m2\repository\org\junit\jupiter\junit-jupiter-api\5.8.2\junit-jupiter-api-5.8.2.jar;C:\Users\chelo\.m2\repository\org\opentest4j\opentest4j\1.2.0\opentest4j-1.2.0.jar;C:\Users\chelo\.m2\repository\org\junit\platform\junit-platform-commons\1.8.2\junit-platform-commons-1.8.2.jar;C:\Users\chelo\.m2\repository\org\apiguardian\apiguardian-api\1.1.2\apiguardian-api-1.1.2.jar;C:\Users\chelo\.m2\repository\org\junit\jupiter\junit-jupiter-params\5.8.2\junit-jupiter-params-5.8.2.jar;C:\Users\chelo\.m2\repository\org\junit\jupiter\junit-jupiter-engine\5.8.2\junit-jupiter-engine-5.8.2.jar;C:\Users\chelo\.m2\repository\org\junit\platform\junit-platform-engine\1.8.2\junit-platform-engine-1.8.2.jar;"/>
    <property name="sun.cpu.endian" value="little"/>
    <property name="user.home" value="C:\Users\chelo"/>
    <property name="user.language" value="es"/>
    <property name="java.specification.vendor" value="Oracle Corporation"/>
    <property name="java.version.date" value="2024-04-16"/>
    <property name="java.home" value="C:\Users\chelo\Downloads\Instaladores\jdk-17.0.11"/>
    <property name="file.separator" value="\"/>
    <property name="basedir" value="C:\Users\chelo\Escritorio\Universidad\Tercer Semestre\Algoritmos y Estructuras de Datos\Ejercicios\Hoja de Trabajo 10\2\HT10---Grafos\demo"/>
    <property name="java.vm.compressedOopsMode" value="Zero based"/>
    <property name="line.separator" value="&#10;"/>
    <property name="java.vm.specification.vendor" value="Oracle Corporation"/>
    <property name="java.specification.name" value="Java Platform API Specification"/>
    <property name="surefire.real.class.path" value="C:\Users\chelo\AppData\Local\Temp\surefire5466656923443520575\surefirebooter17765470290954337551.jar"/>
    <property name="user.script" value=""/>
    <property name="sun.management.compiler" value="HotSpot 64-Bit Tiered Compilers"/>
    <property name="java.runtime.version" value="17.0.11+7-LTS-207"/>
    <property name="user.name" value="chelo"/>
    <property name="path.separator" value=";"/>
    <property name="os.version" value="10.0"/>
    <property name="java.runtime.name" value="Java(TM) SE Runtime Environment"/>
    <property name="file.encoding" value="Cp1252"/>
    <property name="java.vm.name" value="Java HotSpot(TM) 64-Bit Server VM"/>
    <property name="maven.ext.class.path" value="C:\Users\chelo\.vscode\extensions\oracle.oracle-java-24.0.0\nbcode\java\maven-nblib\netbeans-eventspy.jar"/>
    <property name="localRepository" value="C:\Users\chelo\.m2\repository"/>
    <property name="java.vendor.url.bug" value="https://bugreport.java.com/bugreport/"/>
    <property name="java.io.tmpdir" value="C:\Users\chelo\AppData\Local\Temp\"/>
    <property name="java.version" value="17.0.11"/>
    <property name="user.dir" value="C:\Users\chelo\Escritorio\Universidad\Tercer Semestre\Algoritmos y Estructuras de Datos\Ejercicios\Hoja de Trabajo 10\2\HT10---Grafos\demo"/>
    <property name="os.arch" value="amd64"/>
    <property name="java.vm.specification.name" value="Java Virtual Machine Specification"/>
    <property name="sun.os.patch.level" value=""/>
    <property name="native.encoding" value="Cp1252"/>
    <property name="java.library.path" value="C:\Users\chelo\Downloads\Instaladores\jdk-17.0.11\bin;C:\WINDOWS\Sun\Java\bin;C:\WINDOWS\system32;C:\WINDOWS;C:\Program Files\nodejs\;C:\Program Files\Java\jdk-22\bin;C:\Users\chelo\Downloads\Instaladores\jdk-17.0.11\bin;C:\Program Files\Common Files\Oracle\Java\javapath;C:\windows\system32;C:\windows;C:\windows\System32\Wbem;C:\windows\System32\WindowsPowerShell\v1.0\;C:\windows\System32\OpenSSH\;C:\Program Files (x86)\NVIDIA Corporation\PhysX\Common;C:\Program Files\NVIDIA Corporation\NVIDIA NvDLISR;C:\Program Files (x86)\Microsoft SQL Server\160\DTS\Binn\;C:\Program Files\Azure Data Studio\bin;C:\Program Files (x86)\Microsoft SQL Server\160\Tools\Binn\;C:\Program Files\Microsoft SQL Server\160\Tools\Binn\;C:\Program Files\Microsoft SQL Server\Client SDK\ODBC\170\Tools\Binn\;C:\Program Files\Microsoft SQL Server\160\DTS\Binn\;C:\Program Files\Microsoft SQL Server\150\Tools\Binn\;C:\Program Files\dotnet\;C:\Program Files\Git\cmd;C:\Program Files\Go\bin;;%SystemRoot%\system32;%SystemRoot%;%SystemRoot%\System32\Wbem;%SYSTEMROOT%\System32\WindowsPowerShell\v1.0\;%SYSTEMROOT%\System32\OpenSSH\;C:\Users\chelo\AppData\Roaming\Python\Scripts;C:\Program Files\Elixir\bin;C:\Program Files\Erlang OTP\bin;C:\Users\chelo\AppData\Local\Microsoft\WindowsApps;C:\Program Files\Azure Data Studio\bin;C:\Users\chelo\AppData\Local\Programs\Microsoft VS Code\bin;C:\Users\chelo\.dotnet\tools;C:\Users\chelo\AppData\Local\GitHubDesktop\bin;C:\Users\chelo\AppData\Local\atom\bin;C:\Users\chelo\go\bin;C:\Users\chelo\AppData\Local\Microsoft\WinGet\Packages\Schniz.fnm_Microsoft.Winget.Source_8wekyb3d8bbwe;C:\Users\chelo\AppData\Roaming\npm;C:\Users\chelo\Downloads\Instaladores\apache-maven-3.9.9\bin;C:\Program Files\JetBrains\IntelliJ IDEA 2024.3.2\bin;;C:\Users\chelo\AppData\Local\Microsoft\WindowsApps;;."/>
    <property name="java.vm.info" value="mixed mode, sharing"/>
    <property name="java.vendor" value="Oracle Corporation"/>
    <property name="java.vm.version" value="17.0.11+7-LTS-207"/>
    <property name="sun.io.unicode.encoding" value="UnicodeLittle"/>
    <property name="java.class.version" value="61.0"/>
  </properties>
  <testcase name="testAgregarConexion" classname="com.hdt10.GrafoTest" time="0.021">
    <failure message="expected: &lt;true&gt; but was: &lt;false&gt;" type="org.opentest4j.AssertionFailedError"><![CDATA[org.opentest4j.AssertionFailedError: expected: <true> but was: <false>
	at com.hdt10.GrafoTest.testAgregarConexion(GrafoTest.java:98)
]]></failure>
  </testcase>
  <testcase name="testObtenerRuta" classname="com.hdt10.GrafoTest" time="0">
    <failure message="expected: not &lt;null&gt;" type="org.opentest4j.AssertionFailedError"><![CDATA[org.opentest4j.AssertionFailedError: expected: not <null>
	at com.hdt10.GrafoTest.testObtenerRuta(GrafoTest.java:148)
]]></failure>
  </testcase>
  <testcase name="testAgregarCiudad" classname="com.hdt10.GrafoTest" time="0.001">
    <failure message="expected: &lt;true&gt; but was: &lt;false&gt;" type="org.opentest4j.AssertionFailedError"><![CDATA[org.opentest4j.AssertionFailedError: expected: <true> but was: <false>
	at com.hdt10.GrafoTest.testAgregarCiudad(GrafoTest.java:84)
]]></failure>
  </testcase>
  <testcase name="testFloydWarshall" classname="com.hdt10.GrafoTest" time="0.002">
    <error message="Cannot invoke &quot;com.hdt10.Ruta.getTiempo()&quot; because &quot;rutaAC&quot; is null" type="java.lang.NullPointerException">java.lang.NullPointerException: Cannot invoke "com.hdt10.Ruta.getTiempo()" because "rutaAC" is null
	at com.hdt10.GrafoTest.testFloydWarshall(GrafoTest.java:196)
</error>
  </testcase>
  <testcase name="testCambiarCondicionClimatica" classname="com.hdt10.GrafoTest" time="0.001">
    <error message="Cannot invoke &quot;com.hdt10.Ruta.getTiempo()&quot; because &quot;rutaLluvia&quot; is null" type="java.lang.NullPointerException">java.lang.NullPointerException: Cannot invoke "com.hdt10.Ruta.getTiempo()" because "rutaLluvia" is null
	at com.hdt10.GrafoTest.testCambiarCondicionClimatica(GrafoTest.java:135)
</error>
  </testcase>
  <testcase name="testRedimensionarMatrices" classname="com.hdt10.GrafoTest" time="0.004"/>
  <testcase name="testObtenerCentro" classname="com.hdt10.GrafoTest" time="0"/>
  <testcase name="testEliminarConexion" classname="com.hdt10.GrafoTest" time="0.001">
    <failure message="expected: not &lt;null&gt;" type="org.opentest4j.AssertionFailedError"><![CDATA[org.opentest4j.AssertionFailedError: expected: not <null>
	at com.hdt10.GrafoTest.testEliminarConexion(GrafoTest.java:114)
]]></failure>
  </testcase>
</testsuite>